c:\pis\guan3_pis\windows_src\ptu\szptu\release\szptu.pch
c:\pis\guan3_pis\windows_src\ptu\szptu\release\vc141.pdb
c:\pis\guan3_pis\windows_src\ptu\szptu\release\stdafx.obj
c:\pis\guan3_pis\windows_src\ptu\szptu\release\ledparasetdlg.obj
c:\pis\guan3_pis\windows_src\ptu\szptu\release\ihlistbox.obj
c:\pis\guan3_pis\windows_src\ptu\szptu\release\titletip.obj
c:\pis\guan3_pis\windows_src\ptu\szptu\release\inplacelist.obj
c:\pis\guan3_pis\windows_src\ptu\szptu\release\inplaceedit.obj
c:\pis\guan3_pis\windows_src\ptu\szptu\release\griddroptarget.obj
c:\pis\guan3_pis\windows_src\ptu\szptu\release\gridctrl.obj
c:\pis\guan3_pis\windows_src\ptu\szptu\release\gridcellbase.obj
c:\pis\guan3_pis\windows_src\ptu\szptu\release\gridcell.obj
c:\pis\guan3_pis\windows_src\ptu\szptu\release\downloadled.obj
c:\pis\guan3_pis\windows_src\ptu\szptu\release\downbytypedlg.obj
c:\pis\guan3_pis\windows_src\ptu\szptu\release\dlghistoricalview.obj
c:\pis\guan3_pis\windows_src\ptu\szptu\release\dlgctcsetroute.obj
c:\pis\guan3_pis\windows_src\ptu\szptu\release\devstatusquerydlg.obj
c:\pis\guan3_pis\windows_src\ptu\szptu\release\devicequeryctcdlg.obj
c:\pis\guan3_pis\windows_src\ptu\szptu\release\deletedlg.obj
c:\pis\guan3_pis\windows_src\ptu\szptu\release\customdlg.obj
c:\pis\guan3_pis\windows_src\ptu\szptu\release\compro.obj
c:\pis\guan3_pis\windows_src\ptu\szptu\release\ceseries.obj
c:\pis\guan3_pis\windows_src\ptu\szptu\release\breakquerytimedlg.obj
c:\pis\guan3_pis\windows_src\ptu\szptu\release\tmsprotocol.obj
c:\pis\guan3_pis\windows_src\ptu\szptu\release\szptuview.obj
c:\pis\guan3_pis\windows_src\ptu\szptu\release\szptudoc.obj
c:\pis\guan3_pis\windows_src\ptu\szptu\release\szptu.obj
c:\pis\guan3_pis\windows_src\ptu\szptu\release\stationchaildcfg.obj
c:\pis\guan3_pis\windows_src\ptu\szptu\release\stationcfg.obj
c:\pis\guan3_pis\windows_src\ptu\szptu\release\selfiledlg.obj
c:\pis\guan3_pis\windows_src\ptu\szptu\release\rtctimesetdlg.obj
c:\pis\guan3_pis\windows_src\ptu\szptu\release\protocolanalysis.obj
c:\pis\guan3_pis\windows_src\ptu\szptu\release\programdowndlg.obj
c:\pis\guan3_pis\windows_src\ptu\szptu\release\portlinkdlg.obj
c:\pis\guan3_pis\windows_src\ptu\szptu\release\pisprotocol.obj
c:\pis\guan3_pis\windows_src\ptu\szptu\release\picsavedlg.obj
c:\pis\guan3_pis\windows_src\ptu\szptu\release\picdowndlg.obj
c:\pis\guan3_pis\windows_src\ptu\szptu\release\parasetdlg.obj
c:\pis\guan3_pis\windows_src\ptu\szptu\release\operatedlg.obj
c:\pis\guan3_pis\windows_src\ptu\szptu\release\myedit.obj
c:\pis\guan3_pis\windows_src\ptu\szptu\release\mybutton.obj
c:\pis\guan3_pis\windows_src\ptu\szptu\release\mainfrm.obj
c:\pis\guan3_pis\windows_src\ptu\szptu\release\littaceset.obj
c:\pis\guan3_pis\windows_src\ptu\szptu\release\szptu.tlog\cl.command.1.tlog
c:\pis\guan3_pis\windows_src\ptu\szptu\release\szptu.tlog\cl.read.1.tlog
c:\pis\guan3_pis\windows_src\ptu\szptu\release\szptu.tlog\cl.write.1.tlog
