C51 COMPILER V8.08   TIMER                                                                 11/14/2014 14:07:30 PAGE 1   


C51 COMPILER V8.08, COMPILATION OF MODULE TIMER
OBJECT MODULE PLACED IN .\list\timer.obj
COMPILER INVOKED BY: C:\Keil\C51\BIN\C51.EXE timer.c COMPACT OPTIMIZE(1,SPEED) BROWSE DEBUG OBJECTEXTEND PRINT(.\list\ti
                    -mer.lst) OBJECT(.\list\timer.obj)

line level    source

   1          
   2          /*------------------------------------------------------------------*/
   3          /* --- STC MCU International Limited -------------------------------*/
   4          /* --- STC 1T Series MCU RC Demo -----------------------------------*/
   5          /* --- Mobile: (86)13922805190 -------------------------------------*/
   6          /* --- Fax: 86-0513-55012956,55012947,55012969 ---------------------*/
   7          /* --- Tel: 86-0513-55012928,55012929,55012966 ---------------------*/
   8          /* --- Web: www.GXWMCU.com -----------------------------------------*/
   9          /* --- QQ:  800003751 ----------------------------------------------*/
  10          /* If you want to use the program or the program referenced in the  */
  11          /* article, please specify in which data and procedures from STC    */
  12          /*------------------------------------------------------------------*/
  13          
  14          /*************  功能说明        **************
  15          
  16          本文件为STC15xxx系列的定时器初始化和中断程序,用户可以在这个文件中修改自己需要的中断程序.
  17          
  18          
  19          ******************************************/
  20          
  21          
  22          #include "led_control.h"
  23          #include        "timer.h"
  24          
  25          unsigned long gSys10msTick;
  26          unsigned long gPcLedTick;
  27          unsigned long gRunLedTick;
  28          unsigned long gCcLedTick;
  29          unsigned long gPaLedTick;
  30          
  31          /********************* Timer0中断函数************************/
  32          void timer0_int (void) interrupt TIMER0_VECTOR
  33          {
  34   1              static byte tick = 0;
  35   1              
  36   1              ET0 = 0;
  37   1              TR0 = 0;
  38   1              TL0 = T0_INTERVAL_L;
  39   1              TH0 = T0_INTERVAL_H;
  40   1      
  41   1              //P35 = ~P35;
  42   1              tick++;
  43   1              if(tick >=10)
  44   1              {
  45   2              gSys10msTick ++;
  46   2              gPcLedTick++;
  47   2              gRunLedTick ++;
  48   2              gCcLedTick++;
  49   2              gPaLedTick++;
  50   2              tick =0;
  51   2              }
  52   1              TR0 = 1;
  53   1              ET0 = 1;
  54   1      }
C51 COMPILER V8.08   TIMER                                                                 11/14/2014 14:07:30 PAGE 2   

  55          
  56          //========================================================================
  57          // 函数: u8     Timer_Inilize(u8 TIM, TIM_InitTypeDef *TIMx)
  58          // 描述: 定时器初始化程序.
  59          // 参数: TIMx: 结构参数,请参考timer.h里的定义.
  60          // 返回: 成功返回0, 空操作返回1,错误返回2.
  61          // 版本: V1.0, 2012-10-22
  62          //========================================================================
  63          u8      Timer_Inilize(u8 TIM, TIM_InitTypeDef *TIMx)
  64          {
  65   1              if(TIM > Timer2)        return 1;       //空操作
  66   1      
  67   1              if(TIM == Timer0)
  68   1              {
  69   2                      TR0 = 0;                //停止计数
  70   2                      if(TIMx->TIM_Interrupt == ENABLE)               ET0 = 1;        //允许中断
  71   2                      else                                                                    ET0 = 0;        //禁止中断
  72   2                      if(TIMx->TIM_Polity == PolityHigh)              PT0 = 1;        //高优先级中断
  73   2                      else                                                                    PT0 = 0;        //低优先级中断
  74   2                      if(TIMx->TIM_Mode >  TIM_16BitAutoReloadNoMask) return 2;       //错误
  75   2                      TMOD = (TMOD & ~0x03) | TIMx->TIM_Mode; //工作模式,0: 16位自动重装, 1: 16位定时/计数, 2: 8位自动重装, 3:
             - 16位自动重装, 不可屏蔽中断
  76   2                      if(TIMx->TIM_ClkSource == TIM_CLOCK_12T)        AUXR &= ~0x80;  //12T
  77   2                      if(TIMx->TIM_ClkSource == TIM_CLOCK_1T)         AUXR |=  0x80;  //1T
  78   2                      if(TIMx->TIM_ClkSource == TIM_CLOCK_Ext)        TMOD |=  0x04;  //对外计数或分频
  79   2                      else                                                                            TMOD &= ~0x04;  //定时
  80   2                      if(TIMx->TIM_ClkOut == ENABLE)  INT_CLKO |=  0x01;      //输出时钟
  81   2                      else                                                    INT_CLKO &= ~0x01;      //不输出时钟
  82   2                      
  83   2                      TH0 = (u8)(TIMx->TIM_Value >> 8);
  84   2                      TL0 = (u8)TIMx->TIM_Value;
  85   2                      if(TIMx->TIM_Run == ENABLE)     TR0 = 1;        //开始运行
  86   2                      return  0;              //成功
  87   2              }
  88   1              return 2;       //错误
  89   1      }


MODULE INFORMATION:   STATIC OVERLAYABLE
   CODE SIZE        =    628    ----
   CONSTANT SIZE    =   ----    ----
   XDATA SIZE       =   ----    ----
   PDATA SIZE       =     25    ----
   DATA SIZE        =   ----    ----
   IDATA SIZE       =   ----    ----
   BIT SIZE         =   ----    ----
END OF MODULE INFORMATION.


C51 COMPILATION COMPLETE.  0 WARNING(S),  0 ERROR(S)
